1177
1
5
6
7
12
15
17
27
32
34
37
55
57
66
92
94
137
139
140
146
153
158
186
209
215
222
223
226
252
261
270
277
289
299
308
318
369
394
405
413
418
423
433
434
435
450
461
464
470
474
503
507
511
526
530
531
532
538
539
566
579
607
631
632
668
671
684
686
687
714
717
720
725
750
751
753
757
769
773
794
795
800
819
823
824
826
831
833
860
870
876
879
881
887
900
902
909
921
927
933
950
964
969
976
984
993
1005
1008
1032
1046
1069
1077
1104
1120
1129
1133
1149
1168
1174
1177
1180
1190
1217
1218
1226
1235
1249
1255
1263
1266
1274
1277
1287
1296
1299
1308
1311
1326
1329
1347
1351
1368
1371
1380
1405
1409
1415
1449
1463
1465
1471
1476
1477
1482
1486
1489
1523
1525
1530
1539
1544
1554
1559
1568
1573
1579
1580
1586
1616
1617
1618
1628
1644
1670
1676
1683
1697
1698
1708
1716
1718
1723
1749
1750
1751
1758
1760
1767
1787
1817
1822
1823
1824
1830
1851
1861
1867
1871
1888
1895
1902
1903
1913
1943
1954
1968
1971
1977
1985
1996
2008
2033
2036
2044
2056
2057
2061
2070
2076
2088
2095
2100
2112
2113
2122
2146
2152
2161
2171
2206
2230
2235
2259
2263
2265
2267
2271
2277
2278
2280
2290
2307
2310
2311
2312
2320
2366
2367
2397
2401
2409
2423
2426
2427
2447
2467
2469
2471
2486
2492
2511
2520
2530
2542
2549
2556
2559
2566
2567
2568
2569
2572
2575
2579
2580
2595
2603
2612
2623
2635
2650
2661
2662
2677
2679
2681
2697
2698
2716
2730
2731
2734
2736
2749
2752
2759
2782
2788
2793
2816
2831
2834
2878
2890
2893
2912
2928
2944
2957
2969
2976
2982
2983
2987
2995
3009
3021
3031
3041
3046
3053
3062
3075
3076
3080
3084
3088
3090
3092
3116
3173
3183
3193
3194
3235
3242
3252
3253
3259
3261
3272
3276
3294
3320
3325
3331
3364
3374
3377
3397
3405
3413
3416
3424
3431
3434
3442
3486
3492
3504
3510
3521
3530
3544
3545
3547
3548
3565
3571
3597
3605
3607
3610
3624
3627
3639
3652
3686
3693
3694
3704
3705
3707
3721
3729
3730
3742
3749
3765
3783
3786
3790
3793
3797
3810
3812
3822
3840
3842
3844
3846
3851
3864
3878
3881
3911
3913
3951
3965
3970
3979
3982
3985
3991
4028
4060
4069
4105
4112
4122
4140
4144
4154
4158
4159
4168
4171
4211
4213
4214
4221
4229
4230
4235
4242
4246
4248
4249
4286
4289
4318
4320
4330
4351
4354
4355
4363
4364
4365
4389
4391
4396
4406
4425
4454
4455
4456
4480
4481
4498
4511
4546
4554
4561
4568
4585
4600
4607
4611
4617
4618
4623
4624
4628
4636
4643
4648
4665
4689
4711
4727
4729
4752
4757
4759
4792
4806
4807
4808
4858
4877
4881
4883
4885
4909
4921
4926
4932
4945
4946
4951
4963
4969
4991
4996
5006
5022
5050
5068
5072
5083
5088
5106
5107
5112
5114
5119
5133
5150
5158
5167
5171
5173
5178
5187
5195
5198
5201
5223
5234
5236
5237
5262
5267
5268
5295
5302
5303
5311
5318
5329
5333
5337
5358
5361
5369
5389
5405
5412
5415
5423
5425
5478
5488
5489
5500
5509
5524
5534
5541
5546
5548
5554
5557
5562
5563
5593
5594
5595
5607
5609
5610
5615
5632
5634
5645
5662
5673
5684
5703
5705
5709
5721
5736
5737
5749
5761
5794
5799
5802
5807
5811
5815
5840
5846
5851
5859
5860
5867
5871
5884
5885
5927
5934
5955
5966
5992
6010
6019
6025
6032
6033
6046
6057
6066
6070
6075
6084
6097
6119
6122
6124
6125
6152
6154
6170
6178
6186
6189
6192
6197
6207
6226
6266
6267
6274
6275
6278
6289
6292
6294
6312
6321
6325
6330
6337
6360
6372
6373
6390
6396
6411
6414
6417
6426
6428
6431
6433
6437
6442
6477
6506
6542
6562
6565
6587
6595
6659
6664
6668
6688
6720
6723
6735
6737
6752
6760
6781
6783
6786
6807
6809
6824
6826
6833
6844
6871
6877
6880
6892
6912
6970
6975
6981
6984
6993
7001
7019
7021
7025
7040
7064
7076
7078
7086
7093
7095
7103
7110
7133
7135
7143
7153
7156
7175
7204
7207
7214
7233
7234
7235
7243
7244
7256
7278
7282
7287
7290
7294
7308
7310
7315
7321
7325
7339
7340
7345
7347
7350
7353
7365
7379
7394
7409
7416
7419
7424
7435
7439
7457
7459
7476
7477
7494
7496
7502
7512
7522
7528
7529
7533
7537
7544
7552
7558
7562
7591
7615
7620
7637
7641
7667
7674
7688
7690
7694
7701
7712
7717
7742
7751
7754
7767
7781
7816
7828
7852
7861
7863
7874
7916
7925
7926
7933
7958
7962
7971
7974
7979
7981
8003
8012
8013
8019
8047
8061
8076
8087
8094
8100
8129
8134
8161
8162
8167
8179
8186
8192
8196
8199
8201
8212
8274
8279
8299
8315
8318
8319
8328
8338
8343
8345
8347
8355
8364
8376
8378
8388
8392
8410
8413
8419
8437
8438
8442
8443
8480
8483
8508
8512
8519
8522
8535
8549
8557
8567
8590
8594
8607
8627
8639
8645
8663
8664
8665
8667
8676
8686
8692
8694
8707
8710
8752
8768
8770
8786
8800
8819
8821
8831
8840
8841
8863
8900
8902
8921
8936
8946
8960
8998
9002
9003
9022
9032
9037
9043
9046
9072
9077
9080
9089
9091
9109
9128
9129
9152
9160
9165
9176
9178
9180
9244
9245
9263
9283
9287
9292
9293
9304
9324
9373
9398
9413
9416
9418
9421
9439
9453
9458
9461
9471
9476
9484
9499
9500
9517
9518
9519
9520
9525
9562
9577
9589
9597
9599
9600
9660
9679
9702
9705
9717
9729
9730
9734
9739
9750
9770
9773
9777
9788
9809
9851
9867
9876
9943
9955
9960
9964
9988
9992
9997
10010
10012
10016
10019
10023
10026
10036
10040
10041
10043
10046
10048
10049
10060
10065
10092
10093
10096
10102
10105
10110
10118
10148
10164
10190
10193
10242
10246
10247
10258
10259
10260
10261
10268
10270
10275
10282
10291
10295
10304
10311
10325
10326
10329
10335
10336
10372
10383
10407
10415
10426
10431
10432
10433
10437
10442
10451
10474
10475
10480
10492
10532
10546
10566
10569
10573
10574
10577
10578
10579
10584
10600
10612
10615
10616
10617
10631
10638
10662
10684
10692
10695
10701
10704
10705
10711
10713
10721
10729
10730
10751
10765
10772
10775
10793
10804
10818
10829
10834
10837
10855
10861
10872
10875
10876
10881
10900
10918
10927
10929
10931
10936
10938
10939
10953
10961
10980
10986
10988
10996
11009
11021
11029
11032
11033
11039
11052
11057
11064
11076
11078
11087
11113
11139
11149
11159
11161
11168
11170
11176
11177
11179
11180
11190
11192
11224
11231
11232
11246
11256
11258
11267
11271
11292
11302
11331
11333
11334
11344
11369
11402
11421
11423
11507
11531
11538
11543
11544
11565
11574
11586
11595
11596
11604
11617
11620
11627
11628
11629
11644
11659
11670
11678
11697
11702
11703
11704
11723
11751
11792
11802
11816
11821
11828
11830
11834
11846
11853
11855
11889
11896
11902
11971
11979
11988
11998
